<?xml version="1.0" encoding="UTF-8"?>
<!-- Generated by org.testng.reporters.JUnitXMLReporter -->
<testsuite hostname="DESKTOP-JIPKO7F" ignored="0" name="testngTest" tests="4" failures="4" timestamp="2020-08-30T10:52:55 IST" time="30.843" errors="0">
  <testcase name="Test001_searchForLocation" time="19.375" classname="uiScenarios.TestScenarios">
    <failure type="org.openqa.selenium.NoSuchElementException" message="Unable to locate element: //div[@class=&amp;apos;ui-datepicker-inline ui-datepicker ui-widget ui-widget-content ui-helper-clearfix ui-corner-all ui-datepicker-multi ui-datepicker-multi-2&amp;apos;]/div[2]/div/a/span
For documentation on this error, please visit: https://www.seleniumhq.org/exceptions/no_such_element.html
Build info: version: &amp;apos;3.141.59&amp;apos;, revision: &amp;apos;e82be7d358&amp;apos;, time: &amp;apos;2018-11-14T08:25:53&amp;apos;
System info: host: &amp;apos;DESKTOP-JIPKO7F&amp;apos;, ip: &amp;apos;172.22.160.1&amp;apos;, os.name: &amp;apos;Windows 10&amp;apos;, os.arch: &amp;apos;amd64&amp;apos;, os.version: &amp;apos;10.0&amp;apos;, java.version: &amp;apos;1.8.0_211&amp;apos;
Driver info: org.openqa.selenium.firefox.FirefoxDriver
Capabilities {acceptInsecureCerts: true, browserName: firefox, browserVersion: 72.0.1, javascriptEnabled: true, moz:accessibilityChecks: false, moz:buildID: 20200107212822, moz:geckodriverVersion: 0.27.0, moz:headless: false, moz:processID: 4308, moz:profile: C:\Users\Manish\AppData\Loc..., moz:shutdownTimeout: 60000, moz:useNonSpecCompliantPointerOrigin: false, moz:webdriverClick: true, pageLoadStrategy: normal, platform: WINDOWS, platformName: WINDOWS, platformVersion: 10.0, rotatable: false, setWindowRect: true, strictFileInteractability: false, timeouts: {implicit: 0, pageLoad: 300000, script: 30000}, unhandledPromptBehavior: dismiss and notify}
Session ID: 3453a75d-ba09-4a3b-967a-f6cdfe12aa02
*** Element info: {Using=xpath, value=//div[@class=&amp;apos;ui-datepicker-inline ui-datepicker ui-widget ui-widget-content ui-helper-clearfix ui-corner-all ui-datepicker-multi ui-datepicker-multi-2&amp;apos;]/div[2]/div/a/span}">
      <![CDATA[org.openqa.selenium.NoSuchElementException: Unable to locate element: //div[@class='ui-datepicker-inline ui-datepicker ui-widget ui-widget-content ui-helper-clearfix ui-corner-all ui-datepicker-multi ui-datepicker-multi-2']/div[2]/div/a/span
For documentation on this error, please visit: https://www.seleniumhq.org/exceptions/no_such_element.html
Build info: version: '3.141.59', revision: 'e82be7d358', time: '2018-11-14T08:25:53'
System info: host: 'DESKTOP-JIPKO7F', ip: '172.22.160.1', os.name: 'Windows 10', os.arch: 'amd64', os.version: '10.0', java.version: '1.8.0_211'
Driver info: org.openqa.selenium.firefox.FirefoxDriver
Capabilities {acceptInsecureCerts: true, browserName: firefox, browserVersion: 72.0.1, javascriptEnabled: true, moz:accessibilityChecks: false, moz:buildID: 20200107212822, moz:geckodriverVersion: 0.27.0, moz:headless: false, moz:processID: 4308, moz:profile: C:\Users\Manish\AppData\Loc..., moz:shutdownTimeout: 60000, moz:useNonSpecCompliantPointerOrigin: false, moz:webdriverClick: true, pageLoadStrategy: normal, platform: WINDOWS, platformName: WINDOWS, platformVersion: 10.0, rotatable: false, setWindowRect: true, strictFileInteractability: false, timeouts: {implicit: 0, pageLoad: 300000, script: 30000}, unhandledPromptBehavior: dismiss and notify}
Session ID: 3453a75d-ba09-4a3b-967a-f6cdfe12aa02
*** Element info: {Using=xpath, value=//div[@class='ui-datepicker-inline ui-datepicker ui-widget ui-widget-content ui-helper-clearfix ui-corner-all ui-datepicker-multi ui-datepicker-multi-2']/div[2]/div/a/span}
at org.openqa.selenium.remote.http.W3CHttpResponseCodec.createException(W3CHttpResponseCodec.java:187)
at org.openqa.selenium.remote.http.W3CHttpResponseCodec.decode(W3CHttpResponseCodec.java:122)
at org.openqa.selenium.remote.http.W3CHttpResponseCodec.decode(W3CHttpResponseCodec.java:49)
at org.openqa.selenium.remote.HttpCommandExecutor.execute(HttpCommandExecutor.java:158)
at org.openqa.selenium.remote.service.DriverCommandExecutor.execute(DriverCommandExecutor.java:83)
at org.openqa.selenium.remote.RemoteWebDriver.execute(RemoteWebDriver.java:552)
at org.openqa.selenium.remote.RemoteWebDriver.findElement(RemoteWebDriver.java:323)
at org.openqa.selenium.remote.RemoteWebDriver.findElementByXPath(RemoteWebDriver.java:428)
at org.openqa.selenium.By$ByXPath.findElement(By.java:353)
at org.openqa.selenium.remote.RemoteWebDriver.findElement(RemoteWebDriver.java:315)
at generalUtils.UIActions.selectDate(UIActions.java:85)
at generalUtils.UIActions.enterDate(UIActions.java:33)
at uiPageObjects.AutomationObjects.enterInformation(AutomationObjects.java:52)
at uiScenarios.TestScenarios.Test001_searchForLocation(TestScenarios.java:29)
at java.util.ArrayList.forEach(ArrayList.java:1257)
... Removed 31 stack frames]]>
    </failure>
  </testcase> <!-- Test001_searchForLocation -->
  <testcase name="Test002_apiCreateEmployee" time="6.375" classname="uiScenarios.TestScenarios">
    <failure type="java.lang.AssertionError" message="expected [200] but found [405]">
      <![CDATA[java.lang.AssertionError: expected [200] but found [405]
at uiScenarios.TestScenarios.Test002_apiCreateEmployee(TestScenarios.java:37)
at java.util.ArrayList.forEach(ArrayList.java:1257)
... Removed 32 stack frames]]>
    </failure>
  </testcase> <!-- Test002_apiCreateEmployee -->
  <testcase name="Test003_apiGetValidateEmployeeName" time="3.281" classname="uiScenarios.TestScenarios">
    <failure type="java.lang.AssertionError" message="did not expect to find [Bangalore] but found [null]">
      <![CDATA[java.lang.AssertionError: did not expect to find [Bangalore] but found [null]
at uiScenarios.TestScenarios.Test003_apiGetValidateEmployeeName(TestScenarios.java:48)
at java.util.ArrayList.forEach(ArrayList.java:1257)
... Removed 33 stack frames]]>
    </failure>
  </testcase> <!-- Test003_apiGetValidateEmployeeName -->
  <testcase name="Test004_apiUpdateNameAgeOfEmployee" time="1.703" classname="uiScenarios.TestScenarios">
    <failure type="java.lang.AssertionError" message="did not expect to find [] but found [null]">
      <![CDATA[java.lang.AssertionError: did not expect to find [] but found [null]
at uiScenarios.TestScenarios.Test004_apiUpdateNameAgeOfEmployee(TestScenarios.java:59)
at java.util.ArrayList.forEach(ArrayList.java:1257)
... Removed 33 stack frames]]>
    </failure>
  </testcase> <!-- Test004_apiUpdateNameAgeOfEmployee -->
</testsuite> <!-- testngTest -->
